{
    "sources": {
        "/home/andi/code/c/ZMD5/ZMD5-core.c": {
            "handle": [
                "gcc"
            ]
        },
        "/home/andi/code/c/ZMD5/ZMD5.c": {
            "handle": [
                "gcc"
            ]
        }
    },
    "target": "/home/andi/code/c/ZMD5/zmd5",
    "zmake": "250906",
    "host": {
        "['date']": [
            "2025-09-06T02:51:03 CEST"
        ],
        "['zmake', '--version']": [
            "zmake-v250906"
        ],
        "['neofetch', '--stdout']": [
            "andi@ztk-dt-andi ",
            "---------------- ",
            "OS: LMDE 6 (faye) x86_64 ",
            "Kernel: 6.12.38+deb12-rt-amd64 ",
            "Uptime: 1 day, 3 hours, 16 mins ",
            "Packages: 3173 (dpkg), 51 (flatpak) ",
            "Shell: bash 5.2.15 ",
            "Resolution: 1920x1080 ",
            "DE: Cinnamon 6.4.8 ",
            "WM: Mutter (Muffin) ",
            "WM Theme: Mint-Y-Dark-Red (Mint-Y) ",
            "Theme: Mint-Y-Dark-Red [GTK2/3] ",
            "Icons: Mint-Y-Yaru [GTK2/3] ",
            "Terminal: gnome-terminal ",
            "CPU: AMD Ryzen 7 5700X3D (16) @ 4.149GHz ",
            "GPU: AMD ATI Radeon RX 7700 XT / 7800 XT ",
            "Memory: 2238MiB / 15918MiB "
        ],
        "['gcc', '--version']": [
            "gcc (Debian 12.2.0-14+deb12u1) 12.2.0",
            "Copyright (C) 2022 Free Software Foundation, Inc.",
            "This is free software; see the source for copying conditions.  There is NO",
            "warranty; not even for MERCHANTABILITY or FITNESS FOR A PARTICULAR PURPOSE."
        ],
        "['g++', '--version']": [
            "g++ (Debian 12.2.0-14+deb12u1) 12.2.0",
            "Copyright (C) 2022 Free Software Foundation, Inc.",
            "This is free software; see the source for copying conditions.  There is NO",
            "warranty; not even for MERCHANTABILITY or FITNESS FOR A PARTICULAR PURPOSE."
        ]
    },
    "link": {
        "handle": [
            "gcc"
        ],
        "lib": []
    },
    "commands": {
        "compile": [
            [
                "gcc",
                "-O3",
                "-flto",
                "-fexpensive-optimizations",
                "-Wfatal-errors",
                "-Werror",
                "-Wall",
                "-Wextra",
                "-c",
                "/home/andi/code/c/ZMD5/ZMD5-core.c",
                "-o",
                "/home/andi/code/c/ZMD5/ZMD5-core.c.o"
            ],
            [
                "gcc",
                "-O3",
                "-flto",
                "-fexpensive-optimizations",
                "-Wfatal-errors",
                "-Werror",
                "-Wall",
                "-Wextra",
                "-c",
                "/home/andi/code/c/ZMD5/ZMD5.c",
                "-o",
                "/home/andi/code/c/ZMD5/ZMD5.c.o"
            ]
        ],
        "link": [
            [
                "gcc",
                "/home/andi/code/c/ZMD5/ZMD5-core.c.o",
                "/home/andi/code/c/ZMD5/ZMD5.c.o",
                "-o",
                "/home/andi/code/c/ZMD5/zmd5",
                "-O3",
                "-flto",
                "-s"
            ]
        ],
        "clean": [
            [
                "rm",
                "/home/andi/code/c/ZMD5/ZMD5-core.c.o",
                "/home/andi/code/c/ZMD5/ZMD5.c.o"
            ]
        ],
        "finish": []
    },
    "sign": {
        "['md5sum', '/home/andi/code/c/ZMD5/zmd5']": [
            "6f0ba21c6b0de41d112c412d16829cbc"
        ],
        "['sha1sum', '/home/andi/code/c/ZMD5/zmd5']": [
            "9a310af8de4055f956450354e9127af2246340db"
        ],
        "['sha256sum', '/home/andi/code/c/ZMD5/zmd5']": [
            "c2fc0180c67fbe222ee8b67909d7944675208d1cb8d381f9fb190570817eb134"
        ]
    }
}